CRITICAL - 2021-05-31 02:00:23 --> require(/assets/css/style.css): failed to open stream: No such file or directory
#0 C:\Users\33620\Desktop\CodeIgniter\app\Views\index.php(1): CodeIgniter\Debug\Exceptions->errorHandler(2, 'require(/assets...', 'C:\\Users\\33620\\...', 1, Array)
#1 C:\Users\33620\Desktop\CodeIgniter\app\Views\index.php(1): require()
#2 C:\Users\33620\Desktop\CodeIgniter\system\View\View.php(230): include('C:\\Users\\33620\\...')
#3 C:\Users\33620\Desktop\CodeIgniter\system\View\View.php(232): CodeIgniter\View\View->CodeIgniter\View\{closure}()
#4 C:\Users\33620\Desktop\CodeIgniter\system\Common.php(1250): CodeIgniter\View\View->render('index', Array, true)
#5 C:\Users\33620\Desktop\CodeIgniter\app\Controllers\Home.php(9): view('index')
#6 C:\Users\33620\Desktop\CodeIgniter\system\CodeIgniter.php(931): App\Controllers\Home->index()
#7 C:\Users\33620\Desktop\CodeIgniter\system\CodeIgniter.php(439): CodeIgniter\CodeIgniter->runController(Object(App\Controllers\Home))
#8 C:\Users\33620\Desktop\CodeIgniter\system\CodeIgniter.php(339): CodeIgniter\CodeIgniter->handleRequest(NULL, Object(Config\Cache), false)
#9 C:\Users\33620\Desktop\CodeIgniter\public\index.php(36): CodeIgniter\CodeIgniter->run()
#10 {main}
CRITICAL - 2021-05-31 02:00:35 --> require(/assets/css/style.css): failed to open stream: No such file or directory
#0 C:\Users\33620\Desktop\CodeIgniter\app\Views\index.php(1): CodeIgniter\Debug\Exceptions->errorHandler(2, 'require(/assets...', 'C:\\Users\\33620\\...', 1, Array)
#1 C:\Users\33620\Desktop\CodeIgniter\app\Views\index.php(1): require()
#2 C:\Users\33620\Desktop\CodeIgniter\system\View\View.php(230): include('C:\\Users\\33620\\...')
#3 C:\Users\33620\Desktop\CodeIgniter\system\View\View.php(232): CodeIgniter\View\View->CodeIgniter\View\{closure}()
#4 C:\Users\33620\Desktop\CodeIgniter\system\Common.php(1250): CodeIgniter\View\View->render('index', Array, true)
#5 C:\Users\33620\Desktop\CodeIgniter\app\Controllers\Home.php(9): view('index')
#6 C:\Users\33620\Desktop\CodeIgniter\system\CodeIgniter.php(931): App\Controllers\Home->index()
#7 C:\Users\33620\Desktop\CodeIgniter\system\CodeIgniter.php(439): CodeIgniter\CodeIgniter->runController(Object(App\Controllers\Home))
#8 C:\Users\33620\Desktop\CodeIgniter\system\CodeIgniter.php(339): CodeIgniter\CodeIgniter->handleRequest(NULL, Object(Config\Cache), false)
#9 C:\Users\33620\Desktop\CodeIgniter\public\index.php(36): CodeIgniter\CodeIgniter->run()
#10 {main}
CRITICAL - 2021-05-31 02:01:42 --> require(/assets/css/style.css): failed to open stream: No such file or directory
#0 C:\Users\33620\Desktop\CodeIgniter\app\Views\index.php(1): CodeIgniter\Debug\Exceptions->errorHandler(2, 'require(/assets...', 'C:\\Users\\33620\\...', 1, Array)
#1 C:\Users\33620\Desktop\CodeIgniter\app\Views\index.php(1): require()
#2 C:\Users\33620\Desktop\CodeIgniter\system\View\View.php(230): include('C:\\Users\\33620\\...')
#3 C:\Users\33620\Desktop\CodeIgniter\system\View\View.php(232): CodeIgniter\View\View->CodeIgniter\View\{closure}()
#4 C:\Users\33620\Desktop\CodeIgniter\system\Common.php(1250): CodeIgniter\View\View->render('index', Array, true)
#5 C:\Users\33620\Desktop\CodeIgniter\app\Controllers\Home.php(9): view('index', Array)
#6 C:\Users\33620\Desktop\CodeIgniter\system\CodeIgniter.php(931): App\Controllers\Home->index()
#7 C:\Users\33620\Desktop\CodeIgniter\system\CodeIgniter.php(439): CodeIgniter\CodeIgniter->runController(Object(App\Controllers\Home))
#8 C:\Users\33620\Desktop\CodeIgniter\system\CodeIgniter.php(339): CodeIgniter\CodeIgniter->handleRequest(NULL, Object(Config\Cache), false)
#9 C:\Users\33620\Desktop\CodeIgniter\public\index.php(36): CodeIgniter\CodeIgniter->run()
#10 {main}
CRITICAL - 2021-05-31 02:08:37 --> require(/assets/inc_dir/header.php): failed to open stream: No such file or directory
#0 C:\Users\33620\Desktop\CodeIgniter\public\index.php(29): CodeIgniter\Debug\Exceptions->errorHandler(2, 'require(/assets...', 'C:\\Users\\33620\\...', 29, Array)
#1 C:\Users\33620\Desktop\CodeIgniter\public\index.php(29): require()
#2 {main}
CRITICAL - 2021-05-31 02:13:06 --> Call to a member function helper() on null
#0 C:\Users\33620\Desktop\CodeIgniter\system\CodeIgniter.php(904): App\Controllers\BaseController->initController(Object(CodeIgniter\HTTP\IncomingRequest), Object(CodeIgniter\HTTP\Response), Object(CodeIgniter\Log\Logger))
#1 C:\Users\33620\Desktop\CodeIgniter\system\CodeIgniter.php(429): CodeIgniter\CodeIgniter->createController()
#2 C:\Users\33620\Desktop\CodeIgniter\system\CodeIgniter.php(339): CodeIgniter\CodeIgniter->handleRequest(NULL, Object(Config\Cache), false)
#3 C:\Users\33620\Desktop\CodeIgniter\public\index.php(37): CodeIgniter\CodeIgniter->run()
#4 {main}
CRITICAL - 2021-05-31 03:03:24 --> require(assets/inc_dir/header.php): failed to open stream: No such file or directory
#0 C:\Users\33620\Desktop\CodeIgniter\app\Views\home.php(1): CodeIgniter\Debug\Exceptions->errorHandler(2, 'require(assets/...', 'C:\\Users\\33620\\...', 1, Array)
#1 C:\Users\33620\Desktop\CodeIgniter\app\Views\home.php(1): require()
#2 C:\Users\33620\Desktop\CodeIgniter\system\View\View.php(230): include('C:\\Users\\33620\\...')
#3 C:\Users\33620\Desktop\CodeIgniter\system\View\View.php(232): CodeIgniter\View\View->CodeIgniter\View\{closure}()
#4 C:\Users\33620\Desktop\CodeIgniter\system\Common.php(1250): CodeIgniter\View\View->render('home', Array, true)
#5 C:\Users\33620\Desktop\CodeIgniter\app\Controllers\Home.php(9): view('home')
#6 C:\Users\33620\Desktop\CodeIgniter\system\CodeIgniter.php(931): App\Controllers\Home->index()
#7 C:\Users\33620\Desktop\CodeIgniter\system\CodeIgniter.php(439): CodeIgniter\CodeIgniter->runController(Object(App\Controllers\Home))
#8 C:\Users\33620\Desktop\CodeIgniter\system\CodeIgniter.php(339): CodeIgniter\CodeIgniter->handleRequest(NULL, Object(Config\Cache), false)
#9 C:\Users\33620\Desktop\CodeIgniter\public\index.php(36): CodeIgniter\CodeIgniter->run()
#10 {main}
CRITICAL - 2021-05-31 03:05:16 --> require(assets/inc_dir/header.php): failed to open stream: No such file or directory
#0 C:\Users\33620\Desktop\CodeIgniter\app\Views\home.php(1): CodeIgniter\Debug\Exceptions->errorHandler(2, 'require(assets/...', 'C:\\Users\\33620\\...', 1, Array)
#1 C:\Users\33620\Desktop\CodeIgniter\app\Views\home.php(1): require()
#2 C:\Users\33620\Desktop\CodeIgniter\system\View\View.php(230): include('C:\\Users\\33620\\...')
#3 C:\Users\33620\Desktop\CodeIgniter\system\View\View.php(232): CodeIgniter\View\View->CodeIgniter\View\{closure}()
#4 C:\Users\33620\Desktop\CodeIgniter\system\Common.php(1250): CodeIgniter\View\View->render('home', Array, true)
#5 C:\Users\33620\Desktop\CodeIgniter\app\Controllers\Home.php(9): view('home')
#6 C:\Users\33620\Desktop\CodeIgniter\system\CodeIgniter.php(931): App\Controllers\Home->index()
#7 C:\Users\33620\Desktop\CodeIgniter\system\CodeIgniter.php(439): CodeIgniter\CodeIgniter->runController(Object(App\Controllers\Home))
#8 C:\Users\33620\Desktop\CodeIgniter\system\CodeIgniter.php(339): CodeIgniter\CodeIgniter->handleRequest(NULL, Object(Config\Cache), false)
#9 C:\Users\33620\Desktop\CodeIgniter\public\index.php(36): CodeIgniter\CodeIgniter->run()
#10 {main}
CRITICAL - 2021-05-31 03:05:46 --> require(assets/inc_dir/header.php): failed to open stream: No such file or directory
#0 C:\Users\33620\Desktop\CodeIgniter\app\Views\home.php(1): CodeIgniter\Debug\Exceptions->errorHandler(2, 'require(assets/...', 'C:\\Users\\33620\\...', 1, Array)
#1 C:\Users\33620\Desktop\CodeIgniter\app\Views\home.php(1): require()
#2 C:\Users\33620\Desktop\CodeIgniter\system\View\View.php(230): include('C:\\Users\\33620\\...')
#3 C:\Users\33620\Desktop\CodeIgniter\system\View\View.php(232): CodeIgniter\View\View->CodeIgniter\View\{closure}()
#4 C:\Users\33620\Desktop\CodeIgniter\system\Common.php(1250): CodeIgniter\View\View->render('home', Array, true)
#5 C:\Users\33620\Desktop\CodeIgniter\app\Controllers\Home.php(9): view('home')
#6 C:\Users\33620\Desktop\CodeIgniter\system\CodeIgniter.php(931): App\Controllers\Home->index()
#7 C:\Users\33620\Desktop\CodeIgniter\system\CodeIgniter.php(439): CodeIgniter\CodeIgniter->runController(Object(App\Controllers\Home))
#8 C:\Users\33620\Desktop\CodeIgniter\system\CodeIgniter.php(339): CodeIgniter\CodeIgniter->handleRequest(NULL, Object(Config\Cache), false)
#9 C:\Users\33620\Desktop\CodeIgniter\public\index.php(36): CodeIgniter\CodeIgniter->run()
#10 {main}
CRITICAL - 2021-05-31 03:05:48 --> require(assets/inc_dir/header.php): failed to open stream: No such file or directory
#0 C:\Users\33620\Desktop\CodeIgniter\app\Views\home.php(1): CodeIgniter\Debug\Exceptions->errorHandler(2, 'require(assets/...', 'C:\\Users\\33620\\...', 1, Array)
#1 C:\Users\33620\Desktop\CodeIgniter\app\Views\home.php(1): require()
#2 C:\Users\33620\Desktop\CodeIgniter\system\View\View.php(230): include('C:\\Users\\33620\\...')
#3 C:\Users\33620\Desktop\CodeIgniter\system\View\View.php(232): CodeIgniter\View\View->CodeIgniter\View\{closure}()
#4 C:\Users\33620\Desktop\CodeIgniter\system\Common.php(1250): CodeIgniter\View\View->render('home', Array, true)
#5 C:\Users\33620\Desktop\CodeIgniter\app\Controllers\Home.php(9): view('home')
#6 C:\Users\33620\Desktop\CodeIgniter\system\CodeIgniter.php(931): App\Controllers\Home->index()
#7 C:\Users\33620\Desktop\CodeIgniter\system\CodeIgniter.php(439): CodeIgniter\CodeIgniter->runController(Object(App\Controllers\Home))
#8 C:\Users\33620\Desktop\CodeIgniter\system\CodeIgniter.php(339): CodeIgniter\CodeIgniter->handleRequest(NULL, Object(Config\Cache), false)
#9 C:\Users\33620\Desktop\CodeIgniter\public\index.php(36): CodeIgniter\CodeIgniter->run()
#10 {main}
CRITICAL - 2021-05-31 03:05:51 --> require(assets/inc_dir/header.php): failed to open stream: No such file or directory
#0 C:\Users\33620\Desktop\CodeIgniter\app\Views\home.php(1): CodeIgniter\Debug\Exceptions->errorHandler(2, 'require(assets/...', 'C:\\Users\\33620\\...', 1, Array)
#1 C:\Users\33620\Desktop\CodeIgniter\app\Views\home.php(1): require()
#2 C:\Users\33620\Desktop\CodeIgniter\system\View\View.php(230): include('C:\\Users\\33620\\...')
#3 C:\Users\33620\Desktop\CodeIgniter\system\View\View.php(232): CodeIgniter\View\View->CodeIgniter\View\{closure}()
#4 C:\Users\33620\Desktop\CodeIgniter\system\Common.php(1250): CodeIgniter\View\View->render('home', Array, true)
#5 C:\Users\33620\Desktop\CodeIgniter\app\Controllers\Home.php(9): view('home')
#6 C:\Users\33620\Desktop\CodeIgniter\system\CodeIgniter.php(931): App\Controllers\Home->index()
#7 C:\Users\33620\Desktop\CodeIgniter\system\CodeIgniter.php(439): CodeIgniter\CodeIgniter->runController(Object(App\Controllers\Home))
#8 C:\Users\33620\Desktop\CodeIgniter\system\CodeIgniter.php(339): CodeIgniter\CodeIgniter->handleRequest(NULL, Object(Config\Cache), false)
#9 C:\Users\33620\Desktop\CodeIgniter\public\index.php(36): CodeIgniter\CodeIgniter->run()
#10 {main}
CRITICAL - 2021-05-31 03:07:44 --> include(assets/inc_dir/header.php): failed to open stream: No such file or directory
#0 C:\Users\33620\Desktop\CodeIgniter\app\Views\home.php(1): CodeIgniter\Debug\Exceptions->errorHandler(2, 'include(assets/...', 'C:\\Users\\33620\\...', 1, Array)
#1 C:\Users\33620\Desktop\CodeIgniter\app\Views\home.php(1): include()
#2 C:\Users\33620\Desktop\CodeIgniter\system\View\View.php(230): include('C:\\Users\\33620\\...')
#3 C:\Users\33620\Desktop\CodeIgniter\system\View\View.php(232): CodeIgniter\View\View->CodeIgniter\View\{closure}()
#4 C:\Users\33620\Desktop\CodeIgniter\system\Common.php(1250): CodeIgniter\View\View->render('home', Array, true)
#5 C:\Users\33620\Desktop\CodeIgniter\app\Controllers\Home.php(9): view('home')
#6 C:\Users\33620\Desktop\CodeIgniter\system\CodeIgniter.php(931): App\Controllers\Home->index()
#7 C:\Users\33620\Desktop\CodeIgniter\system\CodeIgniter.php(439): CodeIgniter\CodeIgniter->runController(Object(App\Controllers\Home))
#8 C:\Users\33620\Desktop\CodeIgniter\system\CodeIgniter.php(339): CodeIgniter\CodeIgniter->handleRequest(NULL, Object(Config\Cache), false)
#9 C:\Users\33620\Desktop\CodeIgniter\public\index.php(36): CodeIgniter\CodeIgniter->run()
#10 {main}
CRITICAL - 2021-05-31 03:07:59 --> include(/assets/inc_dir/header.php): failed to open stream: No such file or directory
#0 C:\Users\33620\Desktop\CodeIgniter\app\Views\home.php(1): CodeIgniter\Debug\Exceptions->errorHandler(2, 'include(/assets...', 'C:\\Users\\33620\\...', 1, Array)
#1 C:\Users\33620\Desktop\CodeIgniter\app\Views\home.php(1): include()
#2 C:\Users\33620\Desktop\CodeIgniter\system\View\View.php(230): include('C:\\Users\\33620\\...')
#3 C:\Users\33620\Desktop\CodeIgniter\system\View\View.php(232): CodeIgniter\View\View->CodeIgniter\View\{closure}()
#4 C:\Users\33620\Desktop\CodeIgniter\system\Common.php(1250): CodeIgniter\View\View->render('home', Array, true)
#5 C:\Users\33620\Desktop\CodeIgniter\app\Controllers\Home.php(9): view('home')
#6 C:\Users\33620\Desktop\CodeIgniter\system\CodeIgniter.php(931): App\Controllers\Home->index()
#7 C:\Users\33620\Desktop\CodeIgniter\system\CodeIgniter.php(439): CodeIgniter\CodeIgniter->runController(Object(App\Controllers\Home))
#8 C:\Users\33620\Desktop\CodeIgniter\system\CodeIgniter.php(339): CodeIgniter\CodeIgniter->handleRequest(NULL, Object(Config\Cache), false)
#9 C:\Users\33620\Desktop\CodeIgniter\public\index.php(36): CodeIgniter\CodeIgniter->run()
#10 {main}
CRITICAL - 2021-05-31 03:10:06 --> require(/assets/inc_dir/header.php): failed to open stream: No such file or directory
#0 C:\Users\33620\Desktop\CodeIgniter\app\Views\home.php(1): CodeIgniter\Debug\Exceptions->errorHandler(2, 'require(/assets...', 'C:\\Users\\33620\\...', 1, Array)
#1 C:\Users\33620\Desktop\CodeIgniter\app\Views\home.php(1): require()
#2 C:\Users\33620\Desktop\CodeIgniter\system\View\View.php(230): include('C:\\Users\\33620\\...')
#3 C:\Users\33620\Desktop\CodeIgniter\system\View\View.php(232): CodeIgniter\View\View->CodeIgniter\View\{closure}()
#4 C:\Users\33620\Desktop\CodeIgniter\system\Common.php(1250): CodeIgniter\View\View->render('home', Array, true)
#5 C:\Users\33620\Desktop\CodeIgniter\app\Controllers\Home.php(9): view('home')
#6 C:\Users\33620\Desktop\CodeIgniter\system\CodeIgniter.php(931): App\Controllers\Home->index()
#7 C:\Users\33620\Desktop\CodeIgniter\system\CodeIgniter.php(439): CodeIgniter\CodeIgniter->runController(Object(App\Controllers\Home))
#8 C:\Users\33620\Desktop\CodeIgniter\system\CodeIgniter.php(339): CodeIgniter\CodeIgniter->handleRequest(NULL, Object(Config\Cache), false)
#9 C:\Users\33620\Desktop\CodeIgniter\public\index.php(36): CodeIgniter\CodeIgniter->run()
#10 {main}
CRITICAL - 2021-05-31 03:10:49 --> require(/assets/inc_dir/header.php): failed to open stream: No such file or directory
#0 C:\Users\33620\Desktop\CodeIgniter\app\Views\home.php(1): CodeIgniter\Debug\Exceptions->errorHandler(2, 'require(/assets...', 'C:\\Users\\33620\\...', 1, Array)
#1 C:\Users\33620\Desktop\CodeIgniter\app\Views\home.php(1): require()
#2 C:\Users\33620\Desktop\CodeIgniter\system\View\View.php(230): include('C:\\Users\\33620\\...')
#3 C:\Users\33620\Desktop\CodeIgniter\system\View\View.php(232): CodeIgniter\View\View->CodeIgniter\View\{closure}()
#4 C:\Users\33620\Desktop\CodeIgniter\system\Common.php(1250): CodeIgniter\View\View->render('home', Array, true)
#5 C:\Users\33620\Desktop\CodeIgniter\app\Controllers\Home.php(9): view('home')
#6 C:\Users\33620\Desktop\CodeIgniter\system\CodeIgniter.php(931): App\Controllers\Home->index()
#7 C:\Users\33620\Desktop\CodeIgniter\system\CodeIgniter.php(439): CodeIgniter\CodeIgniter->runController(Object(App\Controllers\Home))
#8 C:\Users\33620\Desktop\CodeIgniter\system\CodeIgniter.php(339): CodeIgniter\CodeIgniter->handleRequest(NULL, Object(Config\Cache), false)
#9 C:\Users\33620\Desktop\CodeIgniter\public\index.php(36): CodeIgniter\CodeIgniter->run()
#10 {main}
CRITICAL - 2021-05-31 03:10:52 --> require(/assets/inc_dir/header.php): failed to open stream: No such file or directory
#0 C:\Users\33620\Desktop\CodeIgniter\app\Views\home.php(1): CodeIgniter\Debug\Exceptions->errorHandler(2, 'require(/assets...', 'C:\\Users\\33620\\...', 1, Array)
#1 C:\Users\33620\Desktop\CodeIgniter\app\Views\home.php(1): require()
#2 C:\Users\33620\Desktop\CodeIgniter\system\View\View.php(230): include('C:\\Users\\33620\\...')
#3 C:\Users\33620\Desktop\CodeIgniter\system\View\View.php(232): CodeIgniter\View\View->CodeIgniter\View\{closure}()
#4 C:\Users\33620\Desktop\CodeIgniter\system\Common.php(1250): CodeIgniter\View\View->render('home', Array, true)
#5 C:\Users\33620\Desktop\CodeIgniter\app\Controllers\Home.php(9): view('home')
#6 C:\Users\33620\Desktop\CodeIgniter\system\CodeIgniter.php(931): App\Controllers\Home->index()
#7 C:\Users\33620\Desktop\CodeIgniter\system\CodeIgniter.php(439): CodeIgniter\CodeIgniter->runController(Object(App\Controllers\Home))
#8 C:\Users\33620\Desktop\CodeIgniter\system\CodeIgniter.php(339): CodeIgniter\CodeIgniter->handleRequest(NULL, Object(Config\Cache), false)
#9 C:\Users\33620\Desktop\CodeIgniter\public\index.php(36): CodeIgniter\CodeIgniter->run()
#10 {main}
CRITICAL - 2021-05-31 03:10:55 --> require(/assets/inc_dir/header.php): failed to open stream: No such file or directory
#0 C:\Users\33620\Desktop\CodeIgniter\app\Views\home.php(1): CodeIgniter\Debug\Exceptions->errorHandler(2, 'require(/assets...', 'C:\\Users\\33620\\...', 1, Array)
#1 C:\Users\33620\Desktop\CodeIgniter\app\Views\home.php(1): require()
#2 C:\Users\33620\Desktop\CodeIgniter\system\View\View.php(230): include('C:\\Users\\33620\\...')
#3 C:\Users\33620\Desktop\CodeIgniter\system\View\View.php(232): CodeIgniter\View\View->CodeIgniter\View\{closure}()
#4 C:\Users\33620\Desktop\CodeIgniter\system\Common.php(1250): CodeIgniter\View\View->render('home', Array, true)
#5 C:\Users\33620\Desktop\CodeIgniter\app\Controllers\Home.php(9): view('home')
#6 C:\Users\33620\Desktop\CodeIgniter\system\CodeIgniter.php(931): App\Controllers\Home->index()
#7 C:\Users\33620\Desktop\CodeIgniter\system\CodeIgniter.php(439): CodeIgniter\CodeIgniter->runController(Object(App\Controllers\Home))
#8 C:\Users\33620\Desktop\CodeIgniter\system\CodeIgniter.php(339): CodeIgniter\CodeIgniter->handleRequest(NULL, Object(Config\Cache), false)
#9 C:\Users\33620\Desktop\CodeIgniter\public\index.php(36): CodeIgniter\CodeIgniter->run()
#10 {main}
CRITICAL - 2021-05-31 03:11:01 --> require(/assets/inc_dir/header.php): failed to open stream: No such file or directory
#0 C:\Users\33620\Desktop\CodeIgniter\app\Views\home.php(1): CodeIgniter\Debug\Exceptions->errorHandler(2, 'require(/assets...', 'C:\\Users\\33620\\...', 1, Array)
#1 C:\Users\33620\Desktop\CodeIgniter\app\Views\home.php(1): require()
#2 C:\Users\33620\Desktop\CodeIgniter\system\View\View.php(230): include('C:\\Users\\33620\\...')
#3 C:\Users\33620\Desktop\CodeIgniter\system\View\View.php(232): CodeIgniter\View\View->CodeIgniter\View\{closure}()
#4 C:\Users\33620\Desktop\CodeIgniter\system\Common.php(1250): CodeIgniter\View\View->render('home', Array, true)
#5 C:\Users\33620\Desktop\CodeIgniter\app\Controllers\Home.php(9): view('home')
#6 C:\Users\33620\Desktop\CodeIgniter\system\CodeIgniter.php(931): App\Controllers\Home->index()
#7 C:\Users\33620\Desktop\CodeIgniter\system\CodeIgniter.php(439): CodeIgniter\CodeIgniter->runController(Object(App\Controllers\Home))
#8 C:\Users\33620\Desktop\CodeIgniter\system\CodeIgniter.php(339): CodeIgniter\CodeIgniter->handleRequest(NULL, Object(Config\Cache), false)
#9 C:\Users\33620\Desktop\CodeIgniter\public\index.php(36): CodeIgniter\CodeIgniter->run()
#10 {main}
CRITICAL - 2021-05-31 03:11:04 --> require(/assets/inc_dir/header.php): failed to open stream: No such file or directory
#0 C:\Users\33620\Desktop\CodeIgniter\app\Views\home.php(1): CodeIgniter\Debug\Exceptions->errorHandler(2, 'require(/assets...', 'C:\\Users\\33620\\...', 1, Array)
#1 C:\Users\33620\Desktop\CodeIgniter\app\Views\home.php(1): require()
#2 C:\Users\33620\Desktop\CodeIgniter\system\View\View.php(230): include('C:\\Users\\33620\\...')
#3 C:\Users\33620\Desktop\CodeIgniter\system\View\View.php(232): CodeIgniter\View\View->CodeIgniter\View\{closure}()
#4 C:\Users\33620\Desktop\CodeIgniter\system\Common.php(1250): CodeIgniter\View\View->render('home', Array, true)
#5 C:\Users\33620\Desktop\CodeIgniter\app\Controllers\Home.php(9): view('home')
#6 C:\Users\33620\Desktop\CodeIgniter\system\CodeIgniter.php(931): App\Controllers\Home->index()
#7 C:\Users\33620\Desktop\CodeIgniter\system\CodeIgniter.php(439): CodeIgniter\CodeIgniter->runController(Object(App\Controllers\Home))
#8 C:\Users\33620\Desktop\CodeIgniter\system\CodeIgniter.php(339): CodeIgniter\CodeIgniter->handleRequest(NULL, Object(Config\Cache), false)
#9 C:\Users\33620\Desktop\CodeIgniter\public\index.php(36): CodeIgniter\CodeIgniter->run()
#10 {main}
CRITICAL - 2021-05-31 03:11:21 --> require(/assets/inc_dir/header.php): failed to open stream: No such file or directory
#0 C:\Users\33620\Desktop\CodeIgniter\app\Views\home.php(1): CodeIgniter\Debug\Exceptions->errorHandler(2, 'require(/assets...', 'C:\\Users\\33620\\...', 1, Array)
#1 C:\Users\33620\Desktop\CodeIgniter\app\Views\home.php(1): require()
#2 C:\Users\33620\Desktop\CodeIgniter\system\View\View.php(230): include('C:\\Users\\33620\\...')
#3 C:\Users\33620\Desktop\CodeIgniter\system\View\View.php(232): CodeIgniter\View\View->CodeIgniter\View\{closure}()
#4 C:\Users\33620\Desktop\CodeIgniter\system\Common.php(1250): CodeIgniter\View\View->render('home', Array, true)
#5 C:\Users\33620\Desktop\CodeIgniter\app\Controllers\Home.php(9): view('home')
#6 C:\Users\33620\Desktop\CodeIgniter\system\CodeIgniter.php(931): App\Controllers\Home->index()
#7 C:\Users\33620\Desktop\CodeIgniter\system\CodeIgniter.php(439): CodeIgniter\CodeIgniter->runController(Object(App\Controllers\Home))
#8 C:\Users\33620\Desktop\CodeIgniter\system\CodeIgniter.php(339): CodeIgniter\CodeIgniter->handleRequest(NULL, Object(Config\Cache), false)
#9 C:\Users\33620\Desktop\CodeIgniter\public\index.php(36): CodeIgniter\CodeIgniter->run()
#10 {main}
CRITICAL - 2021-05-31 03:11:48 --> require(/assets/inc_dir/header.php): failed to open stream: No such file or directory
#0 C:\Users\33620\Desktop\CodeIgniter\app\Views\home.php(1): CodeIgniter\Debug\Exceptions->errorHandler(2, 'require(/assets...', 'C:\\Users\\33620\\...', 1, Array)
#1 C:\Users\33620\Desktop\CodeIgniter\app\Views\home.php(1): require()
#2 C:\Users\33620\Desktop\CodeIgniter\system\View\View.php(230): include('C:\\Users\\33620\\...')
#3 C:\Users\33620\Desktop\CodeIgniter\system\View\View.php(232): CodeIgniter\View\View->CodeIgniter\View\{closure}()
#4 C:\Users\33620\Desktop\CodeIgniter\system\Common.php(1250): CodeIgniter\View\View->render('home', Array, true)
#5 C:\Users\33620\Desktop\CodeIgniter\app\Controllers\Home.php(9): view('home')
#6 C:\Users\33620\Desktop\CodeIgniter\system\CodeIgniter.php(931): App\Controllers\Home->index()
#7 C:\Users\33620\Desktop\CodeIgniter\system\CodeIgniter.php(439): CodeIgniter\CodeIgniter->runController(Object(App\Controllers\Home))
#8 C:\Users\33620\Desktop\CodeIgniter\system\CodeIgniter.php(339): CodeIgniter\CodeIgniter->handleRequest(NULL, Object(Config\Cache), false)
#9 C:\Users\33620\Desktop\CodeIgniter\public\index.php(36): CodeIgniter\CodeIgniter->run()
#10 {main}
CRITICAL - 2021-05-31 03:11:49 --> require(/assets/inc_dir/header.php): failed to open stream: No such file or directory
#0 C:\Users\33620\Desktop\CodeIgniter\app\Views\home.php(1): CodeIgniter\Debug\Exceptions->errorHandler(2, 'require(/assets...', 'C:\\Users\\33620\\...', 1, Array)
#1 C:\Users\33620\Desktop\CodeIgniter\app\Views\home.php(1): require()
#2 C:\Users\33620\Desktop\CodeIgniter\system\View\View.php(230): include('C:\\Users\\33620\\...')
#3 C:\Users\33620\Desktop\CodeIgniter\system\View\View.php(232): CodeIgniter\View\View->CodeIgniter\View\{closure}()
#4 C:\Users\33620\Desktop\CodeIgniter\system\Common.php(1250): CodeIgniter\View\View->render('home', Array, true)
#5 C:\Users\33620\Desktop\CodeIgniter\app\Controllers\Home.php(9): view('home')
#6 C:\Users\33620\Desktop\CodeIgniter\system\CodeIgniter.php(931): App\Controllers\Home->index()
#7 C:\Users\33620\Desktop\CodeIgniter\system\CodeIgniter.php(439): CodeIgniter\CodeIgniter->runController(Object(App\Controllers\Home))
#8 C:\Users\33620\Desktop\CodeIgniter\system\CodeIgniter.php(339): CodeIgniter\CodeIgniter->handleRequest(NULL, Object(Config\Cache), false)
#9 C:\Users\33620\Desktop\CodeIgniter\public\index.php(36): CodeIgniter\CodeIgniter->run()
#10 {main}
CRITICAL - 2021-05-31 03:12:44 --> syntax error, unexpected '?>'
#0 C:\Users\33620\Desktop\CodeIgniter\system\View\View.php(232): CodeIgniter\View\View->CodeIgniter\View\{closure}()
#1 C:\Users\33620\Desktop\CodeIgniter\system\Common.php(1250): CodeIgniter\View\View->render('home', Array, true)
#2 C:\Users\33620\Desktop\CodeIgniter\app\Controllers\Home.php(9): view('home')
#3 C:\Users\33620\Desktop\CodeIgniter\system\CodeIgniter.php(931): App\Controllers\Home->index()
#4 C:\Users\33620\Desktop\CodeIgniter\system\CodeIgniter.php(439): CodeIgniter\CodeIgniter->runController(Object(App\Controllers\Home))
#5 C:\Users\33620\Desktop\CodeIgniter\system\CodeIgniter.php(339): CodeIgniter\CodeIgniter->handleRequest(NULL, Object(Config\Cache), false)
#6 C:\Users\33620\Desktop\CodeIgniter\public\index.php(36): CodeIgniter\CodeIgniter->run()
#7 {main}
CRITICAL - 2021-05-31 03:12:47 --> syntax error, unexpected '?>'
#0 C:\Users\33620\Desktop\CodeIgniter\system\View\View.php(232): CodeIgniter\View\View->CodeIgniter\View\{closure}()
#1 C:\Users\33620\Desktop\CodeIgniter\system\Common.php(1250): CodeIgniter\View\View->render('home', Array, true)
#2 C:\Users\33620\Desktop\CodeIgniter\app\Controllers\Home.php(9): view('home')
#3 C:\Users\33620\Desktop\CodeIgniter\system\CodeIgniter.php(931): App\Controllers\Home->index()
#4 C:\Users\33620\Desktop\CodeIgniter\system\CodeIgniter.php(439): CodeIgniter\CodeIgniter->runController(Object(App\Controllers\Home))
#5 C:\Users\33620\Desktop\CodeIgniter\system\CodeIgniter.php(339): CodeIgniter\CodeIgniter->handleRequest(NULL, Object(Config\Cache), false)
#6 C:\Users\33620\Desktop\CodeIgniter\public\index.php(36): CodeIgniter\CodeIgniter->run()
#7 {main}
CRITICAL - 2021-05-31 03:14:14 --> include(/assets/inc_dir/header.php): failed to open stream: No such file or directory
#0 C:\Users\33620\Desktop\CodeIgniter\app\Views\home.php(1): CodeIgniter\Debug\Exceptions->errorHandler(2, 'include(/assets...', 'C:\\Users\\33620\\...', 1, Array)
#1 C:\Users\33620\Desktop\CodeIgniter\app\Views\home.php(1): include()
#2 C:\Users\33620\Desktop\CodeIgniter\system\View\View.php(230): include('C:\\Users\\33620\\...')
#3 C:\Users\33620\Desktop\CodeIgniter\system\View\View.php(232): CodeIgniter\View\View->CodeIgniter\View\{closure}()
#4 C:\Users\33620\Desktop\CodeIgniter\system\Common.php(1250): CodeIgniter\View\View->render('home', Array, true)
#5 C:\Users\33620\Desktop\CodeIgniter\app\Controllers\Home.php(9): view('home')
#6 C:\Users\33620\Desktop\CodeIgniter\system\CodeIgniter.php(931): App\Controllers\Home->index()
#7 C:\Users\33620\Desktop\CodeIgniter\system\CodeIgniter.php(439): CodeIgniter\CodeIgniter->runController(Object(App\Controllers\Home))
#8 C:\Users\33620\Desktop\CodeIgniter\system\CodeIgniter.php(339): CodeIgniter\CodeIgniter->handleRequest(NULL, Object(Config\Cache), false)
#9 C:\Users\33620\Desktop\CodeIgniter\public\index.php(36): CodeIgniter\CodeIgniter->run()
#10 {main}
CRITICAL - 2021-05-31 03:18:00 --> include(/assets/inc_dir/header.php): failed to open stream: No such file or directory
#0 C:\Users\33620\Desktop\CodeIgniter\app\Views\home.php(1): CodeIgniter\Debug\Exceptions->errorHandler(2, 'include(/assets...', 'C:\\Users\\33620\\...', 1, Array)
#1 C:\Users\33620\Desktop\CodeIgniter\app\Views\home.php(1): include()
#2 C:\Users\33620\Desktop\CodeIgniter\system\View\View.php(230): include('C:\\Users\\33620\\...')
#3 C:\Users\33620\Desktop\CodeIgniter\system\View\View.php(232): CodeIgniter\View\View->CodeIgniter\View\{closure}()
#4 C:\Users\33620\Desktop\CodeIgniter\system\Common.php(1250): CodeIgniter\View\View->render('home', Array, true)
#5 C:\Users\33620\Desktop\CodeIgniter\app\Controllers\Home.php(9): view('home')
#6 C:\Users\33620\Desktop\CodeIgniter\system\CodeIgniter.php(931): App\Controllers\Home->index()
#7 C:\Users\33620\Desktop\CodeIgniter\system\CodeIgniter.php(439): CodeIgniter\CodeIgniter->runController(Object(App\Controllers\Home))
#8 C:\Users\33620\Desktop\CodeIgniter\system\CodeIgniter.php(339): CodeIgniter\CodeIgniter->handleRequest(NULL, Object(Config\Cache), false)
#9 C:\Users\33620\Desktop\CodeIgniter\public\index.php(36): CodeIgniter\CodeIgniter->run()
#10 {main}
CRITICAL - 2021-05-31 03:18:31 --> include(/assets/css/inc_dir/header.php): failed to open stream: No such file or directory
#0 C:\Users\33620\Desktop\CodeIgniter\app\Views\home.php(1): CodeIgniter\Debug\Exceptions->errorHandler(2, 'include(/assets...', 'C:\\Users\\33620\\...', 1, Array)
#1 C:\Users\33620\Desktop\CodeIgniter\app\Views\home.php(1): include()
#2 C:\Users\33620\Desktop\CodeIgniter\system\View\View.php(230): include('C:\\Users\\33620\\...')
#3 C:\Users\33620\Desktop\CodeIgniter\system\View\View.php(232): CodeIgniter\View\View->CodeIgniter\View\{closure}()
#4 C:\Users\33620\Desktop\CodeIgniter\system\Common.php(1250): CodeIgniter\View\View->render('home', Array, true)
#5 C:\Users\33620\Desktop\CodeIgniter\app\Controllers\Home.php(9): view('home')
#6 C:\Users\33620\Desktop\CodeIgniter\system\CodeIgniter.php(931): App\Controllers\Home->index()
#7 C:\Users\33620\Desktop\CodeIgniter\system\CodeIgniter.php(439): CodeIgniter\CodeIgniter->runController(Object(App\Controllers\Home))
#8 C:\Users\33620\Desktop\CodeIgniter\system\CodeIgniter.php(339): CodeIgniter\CodeIgniter->handleRequest(NULL, Object(Config\Cache), false)
#9 C:\Users\33620\Desktop\CodeIgniter\public\index.php(36): CodeIgniter\CodeIgniter->run()
#10 {main}
CRITICAL - 2021-05-31 03:18:42 --> include(/assets/css/inc_dir/header.css): failed to open stream: No such file or directory
#0 C:\Users\33620\Desktop\CodeIgniter\app\Views\home.php(1): CodeIgniter\Debug\Exceptions->errorHandler(2, 'include(/assets...', 'C:\\Users\\33620\\...', 1, Array)
#1 C:\Users\33620\Desktop\CodeIgniter\app\Views\home.php(1): include()
#2 C:\Users\33620\Desktop\CodeIgniter\system\View\View.php(230): include('C:\\Users\\33620\\...')
#3 C:\Users\33620\Desktop\CodeIgniter\system\View\View.php(232): CodeIgniter\View\View->CodeIgniter\View\{closure}()
#4 C:\Users\33620\Desktop\CodeIgniter\system\Common.php(1250): CodeIgniter\View\View->render('home', Array, true)
#5 C:\Users\33620\Desktop\CodeIgniter\app\Controllers\Home.php(9): view('home')
#6 C:\Users\33620\Desktop\CodeIgniter\system\CodeIgniter.php(931): App\Controllers\Home->index()
#7 C:\Users\33620\Desktop\CodeIgniter\system\CodeIgniter.php(439): CodeIgniter\CodeIgniter->runController(Object(App\Controllers\Home))
#8 C:\Users\33620\Desktop\CodeIgniter\system\CodeIgniter.php(339): CodeIgniter\CodeIgniter->handleRequest(NULL, Object(Config\Cache), false)
#9 C:\Users\33620\Desktop\CodeIgniter\public\index.php(36): CodeIgniter\CodeIgniter->run()
#10 {main}
CRITICAL - 2021-05-31 03:19:39 --> include(/assets/inc_dir/header.php): failed to open stream: No such file or directory
#0 C:\Users\33620\Desktop\CodeIgniter\app\Views\home.php(1): CodeIgniter\Debug\Exceptions->errorHandler(2, 'include(/assets...', 'C:\\Users\\33620\\...', 1, Array)
#1 C:\Users\33620\Desktop\CodeIgniter\app\Views\home.php(1): include()
#2 C:\Users\33620\Desktop\CodeIgniter\system\View\View.php(230): include('C:\\Users\\33620\\...')
#3 C:\Users\33620\Desktop\CodeIgniter\system\View\View.php(232): CodeIgniter\View\View->CodeIgniter\View\{closure}()
#4 C:\Users\33620\Desktop\CodeIgniter\system\Common.php(1250): CodeIgniter\View\View->render('home', Array, true)
#5 C:\Users\33620\Desktop\CodeIgniter\app\Controllers\Home.php(9): view('home')
#6 C:\Users\33620\Desktop\CodeIgniter\system\CodeIgniter.php(931): App\Controllers\Home->index()
#7 C:\Users\33620\Desktop\CodeIgniter\system\CodeIgniter.php(439): CodeIgniter\CodeIgniter->runController(Object(App\Controllers\Home))
#8 C:\Users\33620\Desktop\CodeIgniter\system\CodeIgniter.php(339): CodeIgniter\CodeIgniter->handleRequest(NULL, Object(Config\Cache), false)
#9 C:\Users\33620\Desktop\CodeIgniter\public\index.php(36): CodeIgniter\CodeIgniter->run()
#10 {main}
CRITICAL - 2021-05-31 03:20:38 --> include(/assets/inc_dir/header.php): failed to open stream: No such file or directory
#0 C:\Users\33620\Desktop\CodeIgniter\app\Views\home.php(1): CodeIgniter\Debug\Exceptions->errorHandler(2, 'include(/assets...', 'C:\\Users\\33620\\...', 1, Array)
#1 C:\Users\33620\Desktop\CodeIgniter\app\Views\home.php(1): include()
#2 C:\Users\33620\Desktop\CodeIgniter\system\View\View.php(230): include('C:\\Users\\33620\\...')
#3 C:\Users\33620\Desktop\CodeIgniter\system\View\View.php(232): CodeIgniter\View\View->CodeIgniter\View\{closure}()
#4 C:\Users\33620\Desktop\CodeIgniter\system\Common.php(1250): CodeIgniter\View\View->render('home', Array, true)
#5 C:\Users\33620\Desktop\CodeIgniter\app\Controllers\Home.php(9): view('home')
#6 C:\Users\33620\Desktop\CodeIgniter\system\CodeIgniter.php(931): App\Controllers\Home->index()
#7 C:\Users\33620\Desktop\CodeIgniter\system\CodeIgniter.php(439): CodeIgniter\CodeIgniter->runController(Object(App\Controllers\Home))
#8 C:\Users\33620\Desktop\CodeIgniter\system\CodeIgniter.php(339): CodeIgniter\CodeIgniter->handleRequest(NULL, Object(Config\Cache), false)
#9 C:\Users\33620\Desktop\CodeIgniter\public\index.php(36): CodeIgniter\CodeIgniter->run()
#10 {main}
CRITICAL - 2021-05-31 03:33:25 --> Cannot redeclare dynamicTitle() (previously declared in C:\Users\33620\Desktop\CodeIgniter\public\assets\inc_dir\header.php:4)
#0 [internal function]: CodeIgniter\Debug\Exceptions->shutdownHandler()
#1 {main}
CRITICAL - 2021-05-31 03:33:58 --> Cannot redeclare dynamicTitle() (previously declared in C:\Users\33620\Desktop\CodeIgniter\public\assets\inc_dir\header.php:4)
#0 [internal function]: CodeIgniter\Debug\Exceptions->shutdownHandler()
#1 {main}
CRITICAL - 2021-05-31 03:34:00 --> Cannot redeclare dynamicTitle() (previously declared in C:\Users\33620\Desktop\CodeIgniter\public\assets\inc_dir\header.php:4)
#0 [internal function]: CodeIgniter\Debug\Exceptions->shutdownHandler()
#1 {main}
CRITICAL - 2021-05-31 03:34:02 --> Cannot redeclare dynamicTitle() (previously declared in C:\Users\33620\Desktop\CodeIgniter\public\assets\inc_dir\header.php:4)
#0 [internal function]: CodeIgniter\Debug\Exceptions->shutdownHandler()
#1 {main}
CRITICAL - 2021-05-31 03:34:55 --> include(/assets/inc_dir/header.php): failed to open stream: No such file or directory
#0 C:\Users\33620\Desktop\CodeIgniter\app\Views\home.php(1): CodeIgniter\Debug\Exceptions->errorHandler(2, 'include(/assets...', 'C:\\Users\\33620\\...', 1, Array)
#1 C:\Users\33620\Desktop\CodeIgniter\app\Views\home.php(1): include()
#2 C:\Users\33620\Desktop\CodeIgniter\system\View\View.php(230): include('C:\\Users\\33620\\...')
#3 C:\Users\33620\Desktop\CodeIgniter\system\View\View.php(232): CodeIgniter\View\View->CodeIgniter\View\{closure}()
#4 C:\Users\33620\Desktop\CodeIgniter\system\Common.php(1250): CodeIgniter\View\View->render('home', Array, true)
#5 C:\Users\33620\Desktop\CodeIgniter\app\Controllers\Home.php(9): view('home')
#6 C:\Users\33620\Desktop\CodeIgniter\system\CodeIgniter.php(931): App\Controllers\Home->index()
#7 C:\Users\33620\Desktop\CodeIgniter\system\CodeIgniter.php(439): CodeIgniter\CodeIgniter->runController(Object(App\Controllers\Home))
#8 C:\Users\33620\Desktop\CodeIgniter\system\CodeIgniter.php(339): CodeIgniter\CodeIgniter->handleRequest(NULL, Object(Config\Cache), false)
#9 C:\Users\33620\Desktop\CodeIgniter\public\index.php(36): CodeIgniter\CodeIgniter->run()
#10 {main}
CRITICAL - 2021-05-31 03:40:30 --> Cannot redeclare dynamicTitle() (previously declared in C:\Users\33620\Desktop\CodeIgniter\app\Views\header.php:4)
#0 [internal function]: CodeIgniter\Debug\Exceptions->shutdownHandler()
#1 {main}
